<?xml version="1.0" encoding="UTF-8"?>
<testng-results skipped="0" failed="0" ignored="0" total="1" passed="1">
  <reporter-output>
  </reporter-output>
  <suite name="Suite" duration-ms="8047" started-at="2019-12-12T08:39:46Z" finished-at="2019-12-12T08:39:55Z">
    <groups>
    </groups>
    <test name="Selenium-AutomationSuite" duration-ms="8047" started-at="2019-12-12T08:39:46Z" finished-at="2019-12-12T08:39:55Z">
      <class name="Setup">
        <test-method status="PASS" signature="startBrowser(java.lang.String)[pri:0, instance:Setup@6f7fd0e6]" name="startBrowser" is-config="true" duration-ms="5622" started-at="2019-12-12T14:09:46Z" finished-at="2019-12-12T14:09:52Z">
          <params>
            <param index="0">
              <value>
                <![CDATA[chrome]]>
              </value>
            </param>
          </params>
          <reporter-output>
          </reporter-output>
        </test-method> <!-- startBrowser -->
        <test-method status="PASS" signature="StartExecution()[pri:0, instance:Setup@6f7fd0e6]" name="StartExecution" duration-ms="2401" started-at="2019-12-12T14:09:52Z" finished-at="2019-12-12T14:09:55Z">
          <reporter-output>
          </reporter-output>
        </test-method> <!-- StartExecution -->
      </class> <!-- Setup -->
    </test> <!-- Selenium-AutomationSuite -->
  </suite> <!-- Suite -->
</testng-results>
