<?xml version="1.0" encoding="UTF-8"?>
<!-- Generated by org.testng.reporters.JUnitXMLReporter -->
<testsuite hostname="JNET91" ignored="2" name="Selenium-AutomationSuite" tests="1" failures="0" timestamp="13 Jun 2021 15:01:59 GMT" time="119.017" errors="0">
  <testcase name="systemTesting" time="119.0" classname="com.jnet.executionpackage.Setup"/>
  <testcase name="regressionTesting" time="0.0" classname="com.jnet.executionpackage.Setup">
    <ignored/>
  </testcase> <!-- regressionTesting -->
  <testcase name="smokeTesting" time="0.0" classname="com.jnet.executionpackage.Setup">
    <ignored/>
  </testcase> <!-- smokeTesting -->
</testsuite> <!-- Selenium-AutomationSuite -->
