<?xml version="1.0" encoding="UTF-8"?>
<testng-results skipped="0" failed="0" ignored="2" total="3" passed="1">
  <reporter-output>
  </reporter-output>
  <suite name="Suite" duration-ms="119017" started-at="2021-06-13T15:00:00Z" finished-at="2021-06-13T15:01:59Z">
    <groups>
    </groups>
    <test name="Selenium-AutomationSuite" duration-ms="119017" started-at="2021-06-13T15:00:00Z" finished-at="2021-06-13T15:01:59Z">
      <class name="com.jnet.executionpackage.Setup">
        <test-method status="PASS" signature="startBrowser(java.lang.String)[pri:0, instance:com.jnet.executionpackage.Setup@54a097cc]" name="startBrowser" is-config="true" duration-ms="5515" started-at="2021-06-13T20:29:55Z" finished-at="2021-06-13T20:30:00Z">
          <params>
            <param index="0">
              <value>
                <![CDATA[chrome]]>
              </value>
            </param>
          </params>
          <reporter-output>
          </reporter-output>
        </test-method> <!-- startBrowser -->
        <test-method status="PASS" signature="systemTesting()[pri:0, instance:com.jnet.executionpackage.Setup@54a097cc]" name="systemTesting" duration-ms="119000" started-at="2021-06-13T20:30:00Z" finished-at="2021-06-13T20:31:59Z">
          <reporter-output>
          </reporter-output>
        </test-method> <!-- systemTesting -->
        <test-method status="PASS" signature="finalCalls()[pri:0, instance:com.jnet.executionpackage.Setup@54a097cc]" name="finalCalls" is-config="true" duration-ms="122800" started-at="2021-06-13T20:31:59Z" finished-at="2021-06-13T20:34:02Z">
          <reporter-output>
          </reporter-output>
        </test-method> <!-- finalCalls -->
      </class> <!-- com.jnet.executionpackage.Setup -->
    </test> <!-- Selenium-AutomationSuite -->
  </suite> <!-- Suite -->
</testng-results>
